<?xml version="1.0" encoding="UTF-8"?>
<!-- Generated by org.testng.reporters.JUnitReportReporter -->
<testsuite hostname="TYSS-SHUBHA" failures="0" tests="7" name="com.tutorialsninjas.qa.testcases.LoginTest" time="29.647" errors="0" timestamp="2023-08-24T11:38:11 IST" skipped="0">
  <testcase classname="com.tutorialsninjas.qa.testcases.LoginTest" name="verifyLoginWithValidCredential" time="4.969"/>
  <system-out/>
  <testcase classname="com.tutorialsninjas.qa.testcases.LoginTest" name="verifyLoginWithValidCredential" time="4.160"/>
  <system-out/>
  <testcase classname="com.tutorialsninjas.qa.testcases.LoginTest" name="verifyLoginWithValidCredential" time="4.255"/>
  <system-out/>
  <testcase classname="com.tutorialsninjas.qa.testcases.LoginTest" name="verifyLoginWithInvalidCredential" time="4.043"/>
  <system-out/>
  <testcase classname="com.tutorialsninjas.qa.testcases.LoginTest" name="verifyLoginWithInvalidEmailAndValidPassword" time="4.262"/>
  <system-out/>
  <testcase classname="com.tutorialsninjas.qa.testcases.LoginTest" name="verifyLoginWithValidEmailAndInValidPassword" time="4.108"/>
  <system-out/>
  <testcase classname="com.tutorialsninjas.qa.testcases.LoginTest" name="verifyLoginWithoutProvidingCredencials" time="3.850"/>
  <system-out/>
</testsuite> <!-- com.tutorialsninjas.qa.testcases.LoginTest -->
