<?xml version="1.0" encoding="UTF-8"?>
<!-- Generated by org.testng.reporters.JUnitReportReporter -->
<testsuite hostname="TYSS-SHUBHA" failures="0" tests="4" name="com.tutorialsninjas.qa.testcases.RegisterTest" time="18.809" errors="0" timestamp="2023-08-24T11:38:11 IST" skipped="0">
  <testcase classname="com.tutorialsninjas.qa.testcases.RegisterTest" name="verifyRegisteringAnAccountWithMandatoryFields" time="5.019"/>
  <system-out/>
  <testcase classname="com.tutorialsninjas.qa.testcases.RegisterTest" name="verifyRegisteringAccounByProvidingAllFields" time="4.982"/>
  <system-out/>
  <testcase classname="com.tutorialsninjas.qa.testcases.RegisterTest" name="verifyRegisteringAnAccountWithExistingEmailAddress" time="4.788"/>
  <system-out/>
  <testcase classname="com.tutorialsninjas.qa.testcases.RegisterTest" name="verifyRegisteringAnAccountWithoutFillingAnyDetails" time="4.020"/>
  <system-out/>
</testsuite> <!-- com.tutorialsninjas.qa.testcases.RegisterTest -->
