<?xml version="1.0" encoding="UTF-8"?>
<!-- Generated by org.testng.reporters.JUnitReportReporter -->
<testsuite hostname="TYSS-SHUBHA" failures="0" tests="4" name="com.tutorialsninjas.qa.testcases.RegisterTest" time="37.592" errors="0" timestamp="2023-08-31T13:26:03 IST" skipped="0">
  <testcase classname="com.tutorialsninjas.qa.testcases.RegisterTest" name="verifyRegisteringAnAccountWithMandatoryFields" time="9.873"/>
  <system-out/>
  <testcase classname="com.tutorialsninjas.qa.testcases.RegisterTest" name="verifyRegisteringAccounByProvidingAllFields" time="9.948"/>
  <system-out/>
  <testcase classname="com.tutorialsninjas.qa.testcases.RegisterTest" name="verifyRegisteringAnAccountWithExistingEmailAddress" time="8.665"/>
  <system-out/>
  <testcase classname="com.tutorialsninjas.qa.testcases.RegisterTest" name="verifyRegisteringAnAccountWithoutFillingAnyDetails" time="9.106"/>
  <system-out/>
</testsuite> <!-- com.tutorialsninjas.qa.testcases.RegisterTest -->
