<?xml version="1.0" encoding="UTF-8"?>
<!-- Generated by org.testng.reporters.JUnitReportReporter -->
<testsuite hostname="TYSS-SHUBHA" failures="0" tests="7" name="com.tutorialsninjas.qa.testcases.LoginTest" time="55.370" errors="0" timestamp="2023-08-31T13:26:03 IST" skipped="0">
  <testcase classname="com.tutorialsninjas.qa.testcases.LoginTest" name="verifyLoginWithValidCredential" time="7.107"/>
  <system-out/>
  <testcase classname="com.tutorialsninjas.qa.testcases.LoginTest" name="verifyLoginWithValidCredential" time="7.859"/>
  <system-out/>
  <testcase classname="com.tutorialsninjas.qa.testcases.LoginTest" name="verifyLoginWithValidCredential" time="13.217"/>
  <system-out/>
  <testcase classname="com.tutorialsninjas.qa.testcases.LoginTest" name="verifyLoginWithInvalidCredential" time="7.427"/>
  <system-out/>
  <testcase classname="com.tutorialsninjas.qa.testcases.LoginTest" name="verifyLoginWithInvalidEmailAndValidPassword" time="6.788"/>
  <system-out/>
  <testcase classname="com.tutorialsninjas.qa.testcases.LoginTest" name="verifyLoginWithValidEmailAndInValidPassword" time="6.862"/>
  <system-out/>
  <testcase classname="com.tutorialsninjas.qa.testcases.LoginTest" name="verifyLoginWithoutProvidingCredencials" time="6.110"/>
  <system-out/>
</testsuite> <!-- com.tutorialsninjas.qa.testcases.LoginTest -->
